<?xml version="1.0" encoding="UTF-8"?>
<!-- Generated by org.testng.reporters.JUnitReportReporter -->
<testsuite skipped="0" hostname="DELL-PC" name="example.NewTest" tests="1" failures="0" timestamp="02 Dec 2017 18:39:52 GMT" time="5.115" errors="0">
  <testcase name="f" time="5.115" classname="example.NewTest"/>
</testsuite> <!-- example.NewTest -->
